>> Sampling 24 replica(s) of ca-diag-dedicated revision=ca-diag-dedicated--0000004 (run: rev0000004-scale-24)
   [ 1/24] ca-diag-dedicated--0000004-6fc54b4bc4-5qr8n ... FAIL after 5 attempts (exec_attempt_5_no_parseable_json)
   [ 2/24] ca-diag-dedicated--0000004-6fc54b4bc4-66stk ... ok (attempt 1)
   [ 3/24] ca-diag-dedicated--0000004-6fc54b4bc4-87vft ... ok (attempt 1)
   [ 4/24] ca-diag-dedicated--0000004-6fc54b4bc4-9w9kv ... ok (attempt 1)
   [ 5/24] ca-diag-dedicated--0000004-6fc54b4bc4-bzzf2 ... ok (attempt 1)
   [ 6/24] ca-diag-dedicated--0000004-6fc54b4bc4-ck9g9 ... ok (attempt 1)
   [ 7/24] ca-diag-dedicated--0000004-6fc54b4bc4-dmhks ... ok (attempt 2)
   [ 8/24] ca-diag-dedicated--0000004-6fc54b4bc4-dvssb ... ok (attempt 4)
   [ 9/24] ca-diag-dedicated--0000004-6fc54b4bc4-dw5zc ... ok (attempt 5)
   [10/24] ca-diag-dedicated--0000004-6fc54b4bc4-jhk6j ... ok (attempt 3)
   [11/24] ca-diag-dedicated--0000004-6fc54b4bc4-kgdkq ... ok (attempt 1)
   [12/24] ca-diag-dedicated--0000004-6fc54b4bc4-l2vmx ... FAIL after 5 attempts (exec_attempt_5_handshake_429_throttled)
   [13/24] ca-diag-dedicated--0000004-6fc54b4bc4-l99f4 ... ok (attempt 1)
   [14/24] ca-diag-dedicated--0000004-6fc54b4bc4-lb9b6 ... ok (attempt 1)
   [15/24] ca-diag-dedicated--0000004-6fc54b4bc4-ldk4d ... ok (attempt 4)
   [16/24] ca-diag-dedicated--0000004-6fc54b4bc4-lhb75 ... ok (attempt 3)
   [17/24] ca-diag-dedicated--0000004-6fc54b4bc4-lzqgh ... ok (attempt 5)
   [18/24] ca-diag-dedicated--0000004-6fc54b4bc4-mm4sf ... ok (attempt 4)
   [19/24] ca-diag-dedicated--0000004-6fc54b4bc4-npv5l ... ok (attempt 2)
   [20/24] ca-diag-dedicated--0000004-6fc54b4bc4-phdnp ... ok (attempt 2)
   [21/24] ca-diag-dedicated--0000004-6fc54b4bc4-qkxmm ... ok (attempt 3)
   [22/24] ca-diag-dedicated--0000004-6fc54b4bc4-rjr59 ... ok (attempt 2)
   [23/24] ca-diag-dedicated--0000004-6fc54b4bc4-rsr9t ... ok (attempt 2)
   [24/24] ca-diag-dedicated--0000004-6fc54b4bc4-zhqb2 ... FAIL after 5 attempts (exec_attempt_5_no_parseable_json)
