>> replica-node-spread lab deploy
   Resource group   : rg-aca-rns-lab
   Location         : koreacentral
   ACR name         : acrrnslab46232
   Base name        : rnslab
   Expiry hours     : 24
   Diag image tag   : diag:latest

>> Creating resource group rg-aca-rns-lab
>> Creating ACR acrrnslab46232 (Basic SKU, admin disabled)
>> Building diag image with az acr build
WARNING: Packing source code into tar to upload...
WARNING: Uploading archived source code from '/var/folders/2m/2h26lv7d1n7f01ptx_cw0k800000gn/T/build_archive_7ba8706cd89e4b8899b4dc7f9edfd2b0.tar.gz'...
WARNING: Sending context (2.205 KiB) to registry: acrrnslab46232...
WARNING: Queued a build with ID: de1
WARNING: Waiting for an agent...
2026/06/11 02:51:20 Downloading source code...
2026/06/11 02:51:21 Finished downloading source code
2026/06/11 02:51:21 Using acb_vol_00000000-0000-0000-0000-000000000000 as the home volume
2026/06/11 02:51:21 Setting up Docker configuration...
2026/06/11 02:51:22 Successfully set up Docker configuration
2026/06/11 02:51:22 Logging in to registry: acrrnslab46232.azurecr.io
2026/06/11 02:51:22 Successfully logged into acrrnslab46232.azurecr.io
2026/06/11 02:51:22 Executing step ID: build. Timeout(sec): 28800, Working directory: '', Network: ''
2026/06/11 02:51:22 Scanning for dependencies...
2026/06/11 02:51:23 Successfully scanned dependencies
2026/06/11 02:51:23 Launching container with name: build
Sending build context to Docker daemon  8.704kB
Step 1/5 : FROM mcr.microsoft.com/cbl-mariner/base/core:2.0
2.0: Pulling from cbl-mariner/base/core
64bac4cf3f77: Pulling fs layer
4c1817b5ea06: Pulling fs layer
4c1817b5ea06: Verifying Checksum
4c1817b5ea06: Download complete
64bac4cf3f77: Download complete
64bac4cf3f77: Pull complete
4c1817b5ea06: Pull complete
Digest: sha256:c833841d2dcfd3081d2ee807050d19368854f70d9b6faef027463e2c6f45ee41
Status: Downloaded newer image for mcr.microsoft.com/cbl-mariner/base/core:2.0
 ---> 2440c7a36004
Step 2/5 : RUN tdnf install -y         bash         ca-certificates         coreutils         jq         procps-ng     && tdnf clean all
 ---> Running in feff358db5fb
Loaded plugin: tdnfrepogpgcheck
Refreshing metadata for: 'CBL-Mariner Official Base 2.0 x86_64'

Refreshing metadata for: 'CBL-Mariner Official Extras 2.0 x86_64'
Refreshing metadata for: 'CBL-Mariner Official Microsoft 2.0 x86_64'
Package bash is already installed.
Package coreutils is already installed.

Installing:
oniguruma        x86_64       6.9.7.1-2.cm2    mariner-official-base 595.97k   198.73k
ncurses          x86_64       6.4-3.cm2        mariner-official-base 618.70k   417.92k
procps-ng        x86_64       3.3.17-2.cm2     mariner-official-base   1.42M   453.98k
jq               x86_64       1.6-5.cm2        mariner-official-base 405.61k   196.23k
ca-certificates  noarch       1:2.0.0-25.cm2   mariner-official-base   1.36M   545.00k

Total installed size:   4.36M
Total download size:   1.77M

importing key from file:///etc/pki/rpm-gpg/MICROSOFT-RPM-GPG-KEY
importing key from file:///etc/pki/rpm-gpg/MICROSOFT-METADATA-GPG-KEY




Testing transaction
Running transaction
Installing/Updating: ncurses-6.4-3.cm2.x86_64
Installing/Updating: oniguruma-6.9.7.1-2.cm2.x86_64
Installing/Updating: jq-1.6-5.cm2.x86_64
Installing/Updating: procps-ng-3.3.17-2.cm2.x86_64
Installing/Updating: ca-certificates-1:2.0.0-25.cm2.noarch
Loaded plugin: tdnfrepogpgcheck
cleaning mariner-official-base-source: metadata dbcache packages keys expire-cache
cleaning mariner-official-base-debuginfo: metadata dbcache packages keys expire-cache
cleaning mariner-official-base: metadata dbcache packages keys expire-cache
cleaning mariner-official-extras: metadata dbcache packages keys expire-cache
cleaning mariner-official-microsoft: metadata dbcache packages keys expire-cache
Done.
Removing intermediate container feff358db5fb
 ---> 32ca8a542321
Step 3/5 : COPY diag.sh /usr/local/bin/diag.sh
 ---> 3566c496d2bd
Step 4/5 : RUN chmod +x /usr/local/bin/diag.sh
 ---> Running in 51e6141f380c
Removing intermediate container 51e6141f380c
 ---> 3d99f42e63a3
Step 5/5 : ENTRYPOINT ["/bin/bash", "-c", "trap 'exit 0' TERM; while true; do sleep 30 & wait $!; done"]
 ---> Running in b1ee2e9f024e
Removing intermediate container b1ee2e9f024e
 ---> 03f5c105e4b2
Successfully built 03f5c105e4b2
Successfully tagged acrrnslab46232.azurecr.io/diag:latest
2026/06/11 02:52:12 Successfully executed container: build
2026/06/11 02:52:12 Executing step ID: push. Timeout(sec): 3600, Working directory: '', Network: ''
2026/06/11 02:52:12 Pushing image: acrrnslab46232.azurecr.io/diag:latest, attempt 1
The push refers to repository [acrrnslab46232.azurecr.io/diag]
189e08fe76bc: Preparing
17e81b8cd63d: Preparing
f1af5881aaf6: Preparing
652765791837: Preparing
189e08fe76bc: Pushed
f1af5881aaf6: Pushed
17e81b8cd63d: Pushed
652765791837: Pushed
latest: digest: sha256:053ed78a98ef39ccdfd5b15d9d6ffd0eaf6b048a288b004a423a77be55ebbc10 size: 1156
2026/06/11 02:52:16 Successfully pushed image: acrrnslab46232.azurecr.io/diag:latest
2026/06/11 02:52:16 Step ID: build marked as successful (elapsed time in seconds: 49.528546)
2026/06/11 02:52:16 Populating digests for step ID: build...
2026/06/11 02:52:17 Successfully populated digests for step ID: build
2026/06/11 02:52:17 Step ID: push marked as successful (elapsed time in seconds: 4.426857)
2026/06/11 02:52:17 The following dependencies were found:
2026/06/11 02:52:17 
- image:
    registry: acrrnslab46232.azurecr.io
    repository: diag
    tag: latest
    digest: sha256:053ed78a98ef39ccdfd5b15d9d6ffd0eaf6b048a288b004a423a77be55ebbc10
  runtime-dependency:
    registry: mcr.microsoft.com
    repository: cbl-mariner/base/core
    tag: "2.0"
    digest: sha256:c833841d2dcfd3081d2ee807050d19368854f70d9b6faef027463e2c6f45ee41
  git: {}


Run ID: de1 was successful after 57s
>> Submitting Bicep deployment rnslab-20260611025219
WARNING: A new Bicep release is available: v0.44.1. Upgrade now by running "az bicep upgrade".
>> Deployment complete. Outputs:
{
  "consumptionAppName": {
    "type": "String",
    "value": "ca-diag-consumption"
  },
  "dedicatedAppName": {
    "type": "String",
    "value": "ca-diag-dedicated"
  },
  "dedicatedProfileName": {
    "type": "String",
    "value": "dedicated-d8"
  },
  "dedicatedProfileType": {
    "type": "String",
    "value": "D8"
  },
  "environmentId": {
    "type": "String",
    "value": "/subscriptions/00000000-0000-0000-0000-000000000000/resourceGroups/rg-aca-rns-lab/providers/Microsoft.App/managedEnvironments/cae-rnslab-g67mtf"
  },
  "environmentName": {
    "type": "String",
    "value": "cae-rnslab-g67mtf"
  },
  "expiresAt": {
    "type": "String",
    "value": "2026-06-12T02:52:25Z"
  },
  "logAnalyticsWorkspaceName": {
    "type": "String",
    "value": "log-rnslab-g67mtf"
  },
  "uamiClientId": {
    "type": "String",
    "value": "00000000-0000-0000-0000-000000000000"
  },
  "uamiResourceId": {
    "type": "String",
    "value": "/subscriptions/00000000-0000-0000-0000-000000000000/resourceGroups/rg-aca-rns-lab/providers/Microsoft.ManagedIdentity/userAssignedIdentities/id-rnslab-g67mtf"
  }
}

Next steps:
  1. Verify the deployment is healthy:
       export RG="rg-aca-rns-lab"
       ./verify.sh

  2. Run the scale sequence + sampling:
       ./trigger.sh

  3. After analysis, clean up:
       ./cleanup.sh
