[03:34:04] >> trigger.sh started at 20260611-033404
[03:34:04] >> RG=rg-aca-rns-lab
[03:34:04] >> CONSUMPTION_LADDER=1 3 10 30
[03:34:04] >> DEDICATED_LADDER=1 3 10 24
[03:34:04] >> TOP_SCALE_REPEATS=3
[03:34:04] ================================================================
[03:34:04] PROFILE: Consumption  APP: ca-diag-consumption  LADDER: 1 3 10 30
[03:34:04] OUT FILE: /path/to/GitHub/azure-container-apps-practical-guide/labs/replica-node-spread/evidence/consumption-20260611-033404.jsonl
[03:34:04] ================================================================
[03:34:04] >> scaling ca-diag-consumption to min=max=1
[03:34:23]    waiting up to 90s for ca-diag-consumption to reach 1 replicas
[03:34:27]    ... replicas=1 target=1
[03:34:27]    ... stable at 1 replicas
[03:34:42] >> SAMPLE: intermediate step=1
[03:34:53] >> scaling ca-diag-consumption to min=max=3
[03:35:09]    waiting up to 90s for ca-diag-consumption to reach 3 replicas
[03:35:13]    ... replicas=1 target=3
[03:35:59]    ... replicas=3 target=3
[03:35:59]    ... stable at 3 replicas
[03:36:14] >> SAMPLE: intermediate step=3
[03:36:32] >> scaling ca-diag-consumption to min=max=10
[03:36:48]    waiting up to 90s for ca-diag-consumption to reach 10 replicas
[03:36:52]    ... replicas=3 target=10
[03:37:39]    ... replicas=10 target=10
[03:37:39]    ... stable at 10 replicas
[03:37:54] >> SAMPLE: intermediate step=10
[03:39:47] >> scaling ca-diag-consumption to min=max=30
[03:40:04]    waiting up to 90s for ca-diag-consumption to reach 30 replicas
[03:40:09]    ... replicas=10 target=30
[03:41:04]    ... replicas=30 target=30
[03:41:04]    ... stable at 30 replicas
[03:41:19] >> SAMPLE: top-scale step=30 run=1/3
[03:47:12] >> inter-run pause 30s
[03:47:42] >> SAMPLE: top-scale step=30 run=2/3
[03:54:07] >> inter-run pause 30s
[03:54:37] >> SAMPLE: top-scale step=30 run=3/3
[04:00:54] >> SKIP_DEDICATED=1, skipping Dedicated track
[04:00:55] >> trigger.sh complete
[04:00:55] >> Evidence files:
total 240
drwxr-xr-x@ 15 <user>  <group>    480 Jun 11 12:34 .
drwxr-xr-x@ 13 <user>  <group>    416 Jun 11 11:45 ..
-rw-r--r--@  1 <user>  <group>   1076 Jun 11 11:45 README.md
-rw-r--r--@  1 <user>  <group>   6533 Jun 11 12:28 consumption-20260611-032122-buggy-stdin.jsonl
-rw-r--r--@  1 <user>  <group>  57767 Jun 11 13:00 consumption-20260611-033404.jsonl
-rw-r--r--@  1 <user>  <group>   7386 Jun 11 11:57 deploy-20260611T025051Z.log
-rw-r--r--@  1 <user>  <group>   6498 Jun 11 12:16 h3-restart-20260611-030836.jsonl
-rw-r--r--@  1 <user>  <group>   2154 Jun 11 12:09 h3-same-replica-20260611-030836.jsonl
-rw-r--r--@  1 <user>  <group>   3831 Jun 11 12:11 h3-trigger-20260611T030835Z.log
-rw-r--r--@  1 <user>  <group>    511 Jun 11 12:20 h3a-summary.md
-rw-r--r--@  1 <user>  <group>   1312 Jun 11 12:20 h3b-summary.md
-rw-r--r--@  1 <user>  <group>   3127 Jun 11 12:28 trigger-20260611-032122-buggy-stdin.log
-rw-r--r--@  1 <user>  <group>   2004 Jun 11 13:00 trigger-20260611-033404.log
-rw-r--r--@  1 <user>  <group>    801 Jun 11 11:59 verify-20260611T025916Z.log
-rw-r--r--@  1 <user>  <group>    986 Jun 11 12:06 verify-postfix-20260611T030539Z.log
